<?xml version="1.0" encoding="UTF-8"?>
<!-- Generated by org.testng.reporters.JUnitXMLReporter -->
<testsuite ignored="0" hostname="ch23bl16-w12r2" failures="1" tests="22" name="Test" time="602.705" errors="0" timestamp="31 Aug 2018 10:45:21 GMT">
  <testcase classname="veritas.netbackup.testcases.VMwarePageTest" name="@AfterMethod tearDown" time="0.017">
    <failure type="org.openqa.selenium.SessionNotCreatedException" message="Tried to run command without establishing a connection
Build info: version: &amp;apos;3.13.0&amp;apos;, revision: &amp;apos;2f0d292&amp;apos;, time: &amp;apos;2018-06-25T15:24:21.231Z&amp;apos;
System info: host: &amp;apos;CH23BL16-W12R2&amp;apos;, ip: &amp;apos;169.254.51.214&amp;apos;, os.name: &amp;apos;Windows Server 2012 R2&amp;apos;, os.arch: &amp;apos;amd64&amp;apos;, os.version: &amp;apos;6.3&amp;apos;, java.version: &amp;apos;10.0.2&amp;apos;
Driver info: org.openqa.selenium.firefox.FirefoxDriver
Capabilities {acceptInsecureCerts: true, browserName: firefox, browserVersion: 61.0.2, javascriptEnabled: true, moz:accessibilityChecks: false, moz:headless: false, moz:processID: 1756, moz:profile: C:\Users\Administrator\AppD..., moz:useNonSpecCompliantPointerOrigin: false, moz:webdriverClick: true, pageLoadStrategy: normal, platform: XP, platformName: XP, platformVersion: 6.3, rotatable: false, timeouts: {implicit: 0, pageLoad: 300000, script: 30000}}
Session ID: f1c67e90-843e-4bcf-b702-a7473dcc0f6b
*** Element info: {Using=xpath, value=//*[@class=&amp;apos;vdl-top-bar-actions&amp;apos;]//*[@class=&amp;apos;top-bar__settings-button ng-star-inserted&amp;apos;]//following-sibling::*[@id=&amp;apos;user__menu&amp;apos;]}">
      <![CDATA[org.openqa.selenium.SessionNotCreatedException: Tried to run command without establishing a connection
Build info: version: '3.13.0', revision: '2f0d292', time: '2018-06-25T15:24:21.231Z'
System info: host: 'CH23BL16-W12R2', ip: '169.254.51.214', os.name: 'Windows Server 2012 R2', os.arch: 'amd64', os.version: '6.3', java.version: '10.0.2'
Driver info: org.openqa.selenium.firefox.FirefoxDriver
Capabilities {acceptInsecureCerts: true, browserName: firefox, browserVersion: 61.0.2, javascriptEnabled: true, moz:accessibilityChecks: false, moz:headless: false, moz:processID: 1756, moz:profile: C:\Users\Administrator\AppD..., moz:useNonSpecCompliantPointerOrigin: false, moz:webdriverClick: true, pageLoadStrategy: normal, platform: XP, platformName: XP, platformVersion: 6.3, rotatable: false, timeouts: {implicit: 0, pageLoad: 300000, script: 30000}}
Session ID: f1c67e90-843e-4bcf-b702-a7473dcc0f6b
*** Element info: {Using=xpath, value=//*[@class='vdl-top-bar-actions']//*[@class='top-bar__settings-button ng-star-inserted']//following-sibling::*[@id='user__menu']}
at org.openqa.selenium.remote.http.W3CHttpResponseCodec.createException(W3CHttpResponseCodec.java:187)
at org.openqa.selenium.remote.http.W3CHttpResponseCodec.decode(W3CHttpResponseCodec.java:122)
at org.openqa.selenium.remote.http.W3CHttpResponseCodec.decode(W3CHttpResponseCodec.java:49)
at org.openqa.selenium.remote.HttpCommandExecutor.execute(HttpCommandExecutor.java:158)
at org.openqa.selenium.remote.service.DriverCommandExecutor.execute(DriverCommandExecutor.java:83)
at org.openqa.selenium.remote.RemoteWebDriver.execute(RemoteWebDriver.java:548)
at org.openqa.selenium.remote.RemoteWebDriver.findElement(RemoteWebDriver.java:322)
at org.openqa.selenium.remote.RemoteWebDriver.findElementByXPath(RemoteWebDriver.java:424)
at org.openqa.selenium.By$ByXPath.findElement(By.java:353)
at org.openqa.selenium.remote.RemoteWebDriver.findElement(RemoteWebDriver.java:314)
at veritas.netbackup.util.TestUtil.logout(TestUtil.java:23)
at veritas.netbackup.testcases.VMwarePageTest.tearDown(VMwarePageTest.java:138)
... Removed 32 stack frames]]>
    </failure>
  </testcase> <!-- @AfterMethod tearDown -->
  <testcase classname="veritas.netbackup.testcases.VMwarePageTest" name="@BeforeMethod SetUp" time="0.0">
    <skipped/>
  </testcase> <!-- @BeforeMethod SetUp -->
  <testcase classname="veritas.netbackup.testcases.VMwarePageTest" name="@AfterMethod tearDown" time="0.0">
    <skipped/>
  </testcase> <!-- @AfterMethod tearDown -->
  <testcase classname="veritas.netbackup.testcases.VMwarePageTest" name="@BeforeMethod SetUp" time="0.0">
    <skipped/>
  </testcase> <!-- @BeforeMethod SetUp -->
  <testcase classname="veritas.netbackup.testcases.VMwarePageTest" name="@AfterMethod tearDown" time="0.0">
    <skipped/>
  </testcase> <!-- @AfterMethod tearDown -->
  <testcase classname="veritas.netbackup.testcases.HomePageTest" name="VMwareTest" time="2.439"/>
  <testcase classname="veritas.netbackup.testcases.HomePageTest" name="VerifynameUserTest" time="0.923"/>
  <testcase classname="veritas.netbackup.testcases.HomePageTest" name="verifyHomePageTitleTest" time="0.008"/>
  <testcase classname="veritas.netbackup.testcases.LoginPageTest" name="NetbackupLogoTest" time="0.057"/>
  <testcase classname="veritas.netbackup.testcases.LoginPageTest" name="NetbackupSubtitleTest" time="0.06"/>
  <testcase classname="veritas.netbackup.testcases.LoginPageTest" name="NetbackupTitleTest" time="0.059"/>
  <testcase classname="veritas.netbackup.testcases.LoginPageTest" name="loginPageTitleTest" time="0.007"/>
  <testcase classname="veritas.netbackup.testcases.LoginPageTest" name="loginTest" time="1.665"/>
  <testcase classname="veritas.netbackup.testcases.CreateProtectionPlanPageTest" name="verifyCreateProtectionPlanPageTitleTest" time="0.006"/>
  <testcase classname="veritas.netbackup.testcases.ProtectionplanPageTest" name="CreateTest" time="0.424"/>
  <testcase classname="veritas.netbackup.testcases.VMwarePageTest" name="verifyVMwarePageTitleTest" time="0.007"/>
  <testcase classname="veritas.netbackup.testcases.CreateProtectionPlanPageTest" name="VerifyCreateProtectionPlanLabelTest" time="0.093"/>
  <testcase classname="veritas.netbackup.testcases.ProtectionplanPageTest" name="VerifyProtectionplanLabelTest" time="0.054"/>
  <testcase classname="veritas.netbackup.testcases.VMwarePageTest" name="VerifyVMwareLabelTest" time="0.438"/>
  <testcase classname="veritas.netbackup.testcases.CreateProtectionPlanPageTest" name="CreateTest" time="28.37"/>
  <testcase classname="veritas.netbackup.testcases.ProtectionplanPageTest" name="verifyProtectionPlanPageTitleTest" time="0.007"/>
  <testcase classname="veritas.netbackup.testcases.VMwarePageTest" name="VirtualMachinesTabTest" time="0.279"/>
  <testcase classname="veritas.netbackup.testcases.VMwarePageTest" name="IntelligentVMgroupsTabTest" time="0.068"/>
  <testcase classname="veritas.netbackup.testcases.VMwarePageTest" name="InstantAccessVirtualMachinesTabTest" time="0.478"/>
  <testcase classname="veritas.netbackup.testcases.VMwarePageTest" name="ServersTabTest" time="298.994">
    <failure type="org.openqa.selenium.WebDriverException" message="Failed to write response to stream
Build info: version: &amp;apos;3.13.0&amp;apos;, revision: &amp;apos;2f0d292&amp;apos;, time: &amp;apos;2018-06-25T15:24:21.231Z&amp;apos;
System info: host: &amp;apos;CH23BL16-W12R2&amp;apos;, ip: &amp;apos;169.254.51.214&amp;apos;, os.name: &amp;apos;Windows Server 2012 R2&amp;apos;, os.arch: &amp;apos;amd64&amp;apos;, os.version: &amp;apos;6.3&amp;apos;, java.version: &amp;apos;10.0.2&amp;apos;
Driver info: org.openqa.selenium.firefox.FirefoxDriver
Capabilities {acceptInsecureCerts: true, browserName: firefox, browserVersion: 61.0.2, javascriptEnabled: true, moz:accessibilityChecks: false, moz:headless: false, moz:processID: 1756, moz:profile: C:\Users\Administrator\AppD..., moz:useNonSpecCompliantPointerOrigin: false, moz:webdriverClick: true, pageLoadStrategy: normal, platform: XP, platformName: XP, platformVersion: 6.3, rotatable: false, timeouts: {implicit: 0, pageLoad: 300000, script: 30000}}
Session ID: f1c67e90-843e-4bcf-b702-a7473dcc0f6b">
      <![CDATA[org.openqa.selenium.WebDriverException: Failed to write response to stream
Build info: version: '3.13.0', revision: '2f0d292', time: '2018-06-25T15:24:21.231Z'
System info: host: 'CH23BL16-W12R2', ip: '169.254.51.214', os.name: 'Windows Server 2012 R2', os.arch: 'amd64', os.version: '6.3', java.version: '10.0.2'
Driver info: org.openqa.selenium.firefox.FirefoxDriver
Capabilities {acceptInsecureCerts: true, browserName: firefox, browserVersion: 61.0.2, javascriptEnabled: true, moz:accessibilityChecks: false, moz:headless: false, moz:processID: 1756, moz:profile: C:\Users\Administrator\AppD..., moz:useNonSpecCompliantPointerOrigin: false, moz:webdriverClick: true, pageLoadStrategy: normal, platform: XP, platformName: XP, platformVersion: 6.3, rotatable: false, timeouts: {implicit: 0, pageLoad: 300000, script: 30000}}
Session ID: f1c67e90-843e-4bcf-b702-a7473dcc0f6b
at org.openqa.selenium.remote.http.W3CHttpResponseCodec.createException(W3CHttpResponseCodec.java:187)
at org.openqa.selenium.remote.http.W3CHttpResponseCodec.decode(W3CHttpResponseCodec.java:122)
at org.openqa.selenium.remote.http.W3CHttpResponseCodec.decode(W3CHttpResponseCodec.java:49)
at org.openqa.selenium.remote.HttpCommandExecutor.execute(HttpCommandExecutor.java:158)
at org.openqa.selenium.remote.service.DriverCommandExecutor.execute(DriverCommandExecutor.java:83)
at org.openqa.selenium.remote.RemoteWebDriver.execute(RemoteWebDriver.java:548)
at org.openqa.selenium.remote.RemoteWebElement.execute(RemoteWebElement.java:276)
at org.openqa.selenium.remote.RemoteWebElement.sendKeys(RemoteWebElement.java:100)
at veritas.netbackup.testcases.VMwarePageTest.ServersTabTest(VMwarePageTest.java:94)
... Removed 29 stack frames]]>
    </failure>
  </testcase> <!-- ServersTabTest -->
  <testcase classname="veritas.netbackup.testcases.VMwarePageTest" name="clickOnIntelligentVMgroupsTab" time="0.0">
    <skipped/>
  </testcase> <!-- clickOnIntelligentVMgroupsTab -->
  <testcase classname="veritas.netbackup.testcases.VMwarePageTest" name="clickOnVirtualMachineTab" time="0.0">
    <skipped/>
  </testcase> <!-- clickOnVirtualMachineTab -->
</testsuite> <!-- Test -->
