<?xml version="1.0" encoding="UTF-8"?>
<!-- Generated by org.testng.reporters.JUnitXMLReporter -->
<testsuite ignored="0" hostname="ch23bl16-w12r2" failures="0" tests="5" name="Automation Test Suite" time="93.708" errors="0" timestamp="29 Aug 2018 16:26:58 GMT">
  <testcase classname="veritas.netbackup.testcases.HomePageTest" name="@AfterMethod tearDown" time="4.907">
    <failure type="org.openqa.selenium.ElementClickInterceptedException" message="Element &amp;lt;button class=&amp;quot;vdl-menu-item&amp;quot;&amp;gt; is not clickable at point (1571.3332901000977,47.78333282470703) because another element &amp;lt;div id=&amp;quot;cdk-overlay-0&amp;quot; class=&amp;quot;cdk-overlay-pane&amp;quot;&amp;gt; obscures it
Build info: version: &amp;apos;3.13.0&amp;apos;, revision: &amp;apos;2f0d292&amp;apos;, time: &amp;apos;2018-06-25T15:24:21.231Z&amp;apos;
System info: host: &amp;apos;CH23BL16-W12R2&amp;apos;, ip: &amp;apos;169.254.51.214&amp;apos;, os.name: &amp;apos;Windows Server 2012 R2&amp;apos;, os.arch: &amp;apos;amd64&amp;apos;, os.version: &amp;apos;6.3&amp;apos;, java.version: &amp;apos;10.0.2&amp;apos;
Driver info: org.openqa.selenium.firefox.FirefoxDriver
Capabilities {acceptInsecureCerts: true, browserName: firefox, browserVersion: 61.0.2, javascriptEnabled: true, moz:accessibilityChecks: false, moz:headless: false, moz:processID: 4888, moz:profile: C:\Users\Administrator\AppD..., moz:useNonSpecCompliantPointerOrigin: false, moz:webdriverClick: true, pageLoadStrategy: normal, platform: XP, platformName: XP, platformVersion: 6.3, rotatable: false, timeouts: {implicit: 0, pageLoad: 300000, script: 30000}}
Session ID: 52dbd422-a964-46cd-a22d-5d8435bab5d1">
      <![CDATA[org.openqa.selenium.ElementClickInterceptedException: Element <button class="vdl-menu-item"> is not clickable at point (1571.3332901000977,47.78333282470703) because another element <div id="cdk-overlay-0" class="cdk-overlay-pane"> obscures it
Build info: version: '3.13.0', revision: '2f0d292', time: '2018-06-25T15:24:21.231Z'
System info: host: 'CH23BL16-W12R2', ip: '169.254.51.214', os.name: 'Windows Server 2012 R2', os.arch: 'amd64', os.version: '6.3', java.version: '10.0.2'
Driver info: org.openqa.selenium.firefox.FirefoxDriver
Capabilities {acceptInsecureCerts: true, browserName: firefox, browserVersion: 61.0.2, javascriptEnabled: true, moz:accessibilityChecks: false, moz:headless: false, moz:processID: 4888, moz:profile: C:\Users\Administrator\AppD..., moz:useNonSpecCompliantPointerOrigin: false, moz:webdriverClick: true, pageLoadStrategy: normal, platform: XP, platformName: XP, platformVersion: 6.3, rotatable: false, timeouts: {implicit: 0, pageLoad: 300000, script: 30000}}
Session ID: 52dbd422-a964-46cd-a22d-5d8435bab5d1
at org.openqa.selenium.remote.http.W3CHttpResponseCodec.createException(W3CHttpResponseCodec.java:187)
at org.openqa.selenium.remote.http.W3CHttpResponseCodec.decode(W3CHttpResponseCodec.java:122)
at org.openqa.selenium.remote.http.W3CHttpResponseCodec.decode(W3CHttpResponseCodec.java:49)
at org.openqa.selenium.remote.HttpCommandExecutor.execute(HttpCommandExecutor.java:158)
at org.openqa.selenium.remote.service.DriverCommandExecutor.execute(DriverCommandExecutor.java:83)
at org.openqa.selenium.remote.RemoteWebDriver.execute(RemoteWebDriver.java:548)
at org.openqa.selenium.remote.RemoteWebElement.execute(RemoteWebElement.java:276)
at org.openqa.selenium.remote.RemoteWebElement.click(RemoteWebElement.java:83)
at veritas.netbackup.util.TestUtil.logout(TestUtil.java:25)
at veritas.netbackup.testcases.HomePageTest.tearDown(HomePageTest.java:57)
... Removed 32 stack frames]]>
    </failure>
  </testcase> <!-- @AfterMethod tearDown -->
  <testcase classname="veritas.netbackup.testcases.HomePageTest" name="verifyHomePageTitleTest" time="0.024"/>
  <testcase classname="veritas.netbackup.testcases.LoginPageTest" name="loginPageTitleTest" time="0.016"/>
  <testcase classname="veritas.netbackup.testcases.ProtectionplanPageTest" name="CreateTest" time="22.922"/>
  <testcase classname="veritas.netbackup.testcases.VMwarePageTest" name="verifyVMwarePageTitleTest" time="0.016"/>
  <testcase classname="veritas.netbackup.testcases.HomePageTest" name="VerifynameUserTest" time="0.819"/>
</testsuite> <!-- Automation Test Suite -->
